diff --git a/CupertinoJudo/.idea/misc.xml b/CupertinoJudo/.idea/misc.xml
index 20e2933..4bd1e29 100644
--- a/CupertinoJudo/.idea/misc.xml
+++ b/CupertinoJudo/.idea/misc.xml
@@ -62,7 +62,7 @@
     <ConfirmationsSetting value="0" id="Add" />
     <ConfirmationsSetting value="0" id="Remove" />
   </component>
-  <component name="ProjectRootManager" version="2" languageLevel="JDK_1_8" assert-keyword="true" jdk-15="true" project-jdk-name="1.8" project-jdk-type="JavaSDK">
+  <component name="ProjectRootManager" version="2" languageLevel="JDK_1_7" assert-keyword="true" jdk-15="true" project-jdk-name="1.8" project-jdk-type="JavaSDK">
     <output url="file://$PROJECT_DIR$/build/classes" />
   </component>
   <component name="ProjectType">
diff --git a/CupertinoJudo/app/build.gradle b/CupertinoJudo/app/build.gradle
index 057d2e9..6cc1952 100644
--- a/CupertinoJudo/app/build.gradle
+++ b/CupertinoJudo/app/build.gradle
@@ -15,7 +15,7 @@ android {
         debug {
             minifyEnabled false
             proguardFiles getDefaultProguardFile('proguard-android.txt'), 'proguard-rules.pro'
-            buildConfigField "String", "CUPERTINO_BASE_URL", '"http://api.myjson.com/"'
+            buildConfigField "String", "CUPERTINO_BASE_URL", '"https://api.myjson.com/"'
             buildConfigField "String", "CUPERTINO_TOURNAMENT_URI", '"bins/1c0fc1"'
             buildConfigField "String", "NEWS_NOTIFICATIONS_BASE_URL", '"https://api.myjson.com/"'
             buildConfigField "String", "NEWS_NOTIFICATIONS_URI", '"bins/1c4ipl"'
@@ -23,7 +23,7 @@ android {
         release {
             minifyEnabled false
             proguardFiles getDefaultProguardFile('proguard-android.txt'), 'proguard-rules.pro'
-            buildConfigField "String", "CUPERTINO_BASE_URL", '"http://api.myjson.com/"'
+            buildConfigField "String", "CUPERTINO_BASE_URL", '"https://api.myjson.com/"'
             buildConfigField "String", "CUPERTINO_TOURNAMENT_URI", '"bins/1c0fc1"'
             buildConfigField "String", "NEWS_NOTIFICATIONS_BASE_URL", '"https://api.myjson.com/"'
             buildConfigField "String", "NEWS_NOTIFICATIONS_URI", '"bins/1c4ipl"'
diff --git a/CupertinoJudo/app/src/androidTest/java/com/cupertinojudo/android/FullTestSuite.java b/CupertinoJudo/app/src/androidTest/java/com/cupertinojudo/android/FullTestSuite.java
index a9e3e02..7042976 100644
--- a/CupertinoJudo/app/src/androidTest/java/com/cupertinojudo/android/FullTestSuite.java
+++ b/CupertinoJudo/app/src/androidTest/java/com/cupertinojudo/android/FullTestSuite.java
@@ -5,7 +5,7 @@ import android.test.suitebuilder.TestSuiteBuilder;
 import junit.framework.Test;
 
 /**
- * Created by fabiohh on 9/4/16.
+*
  */
 public class FullTestSuite {
     public static Test suite() {
diff --git a/CupertinoJudo/app/src/androidTest/java/com/cupertinojudo/android/TestCJTDb.java b/CupertinoJudo/app/src/androidTest/java/com/cupertinojudo/android/TestCJTDb.java
index 4806612..36065d7 100644
--- a/CupertinoJudo/app/src/androidTest/java/com/cupertinojudo/android/TestCJTDb.java
+++ b/CupertinoJudo/app/src/androidTest/java/com/cupertinojudo/android/TestCJTDb.java
@@ -12,7 +12,7 @@ import com.cupertinojudo.android.data.source.local.CJTPersistenceContract;
 import java.util.HashSet;
 
 /**
- * Created by fabiohh on 5/10/17.
+ *
  */
 
 public class TestCJTDb extends AndroidTestCase {
diff --git a/CupertinoJudo/app/src/androidTest/java/com/cupertinojudo/android/TestCJTProvider.java b/CupertinoJudo/app/src/androidTest/java/com/cupertinojudo/android/TestCJTProvider.java
index 28eb6ef..100d952 100644
--- a/CupertinoJudo/app/src/androidTest/java/com/cupertinojudo/android/TestCJTProvider.java
+++ b/CupertinoJudo/app/src/androidTest/java/com/cupertinojudo/android/TestCJTProvider.java
@@ -15,7 +15,7 @@ import com.cupertinojudo.android.data.source.local.CJTPersistenceContract;
 import com.cupertinojudo.android.data.source.local.CJTProvider;
 
 /**
- * Created by fabiohh on 5/10/17.
+ *
  */
 
 public class TestCJTProvider extends AndroidTestCase {
diff --git a/CupertinoJudo/app/src/androidTest/java/com/cupertinojudo/android/TestUriMatcher.java b/CupertinoJudo/app/src/androidTest/java/com/cupertinojudo/android/TestUriMatcher.java
index ceff566..98e7b1f 100644
--- a/CupertinoJudo/app/src/androidTest/java/com/cupertinojudo/android/TestUriMatcher.java
+++ b/CupertinoJudo/app/src/androidTest/java/com/cupertinojudo/android/TestUriMatcher.java
@@ -8,7 +8,7 @@ import com.cupertinojudo.android.data.source.local.CJTPersistenceContract;
 import com.cupertinojudo.android.data.source.local.CJTProvider;
 
 /**
- * Created by fabiohh on 5/10/17.
+ *
  */
 
 public class TestUriMatcher extends AndroidTestCase {
diff --git a/CupertinoJudo/app/src/androidTest/java/com/cupertinojudo/android/TestUtility.java b/CupertinoJudo/app/src/androidTest/java/com/cupertinojudo/android/TestUtility.java
index 7413ce2..b2eceae 100644
--- a/CupertinoJudo/app/src/androidTest/java/com/cupertinojudo/android/TestUtility.java
+++ b/CupertinoJudo/app/src/androidTest/java/com/cupertinojudo/android/TestUtility.java
@@ -20,7 +20,7 @@ import java.util.Set;
 import static com.cupertinojudo.android.data.source.local.CJTPersistenceContract.CJudoParticipantEntry.TABLE_NAME;
 
 /**
- * Created by fabiohh on 5/10/17.
+ *
  */
 
 public class TestUtility extends AndroidTestCase {
diff --git a/CupertinoJudo/app/src/main/java/com/cupertinojudo/android/BasePresenterInterface.java b/CupertinoJudo/app/src/main/java/com/cupertinojudo/android/BasePresenterInterface.java
index dcee05a..ab4cc05 100644
--- a/CupertinoJudo/app/src/main/java/com/cupertinojudo/android/BasePresenterInterface.java
+++ b/CupertinoJudo/app/src/main/java/com/cupertinojudo/android/BasePresenterInterface.java
@@ -1,7 +1,7 @@
 package com.cupertinojudo.android;
 
 /**
- * Created by fabiohh on 4/26/17.
+ *
  */
 
 public interface BasePresenterInterface {
diff --git a/CupertinoJudo/app/src/main/java/com/cupertinojudo/android/BaseViewInterface.java b/CupertinoJudo/app/src/main/java/com/cupertinojudo/android/BaseViewInterface.java
index 68f9ebe..ea48960 100644
--- a/CupertinoJudo/app/src/main/java/com/cupertinojudo/android/BaseViewInterface.java
+++ b/CupertinoJudo/app/src/main/java/com/cupertinojudo/android/BaseViewInterface.java
@@ -1,7 +1,7 @@
 package com.cupertinojudo.android;
 
 /**
- * Created by fabiohh on 5/8/17.
+ *
  */
 
 public interface BaseViewInterface<V extends BasePresenterInterface> {
diff --git a/CupertinoJudo/app/src/main/java/com/cupertinojudo/android/CJudoFragmentManager.java b/CupertinoJudo/app/src/main/java/com/cupertinojudo/android/CJudoFragmentManager.java
index f244992..37fde88 100644
--- a/CupertinoJudo/app/src/main/java/com/cupertinojudo/android/CJudoFragmentManager.java
+++ b/CupertinoJudo/app/src/main/java/com/cupertinojudo/android/CJudoFragmentManager.java
@@ -5,7 +5,7 @@ import android.support.v4.app.FragmentActivity;
 import android.support.v4.app.FragmentTransaction;
 
 /**
- * Created by fabiohh on 5/8/17.
+ *
  */
 
 public class CJudoFragmentManager {
diff --git a/CupertinoJudo/app/src/main/java/com/cupertinojudo/android/DateFormatterUtil.java b/CupertinoJudo/app/src/main/java/com/cupertinojudo/android/DateFormatterUtil.java
index 668c5ec..beaa9d9 100644
--- a/CupertinoJudo/app/src/main/java/com/cupertinojudo/android/DateFormatterUtil.java
+++ b/CupertinoJudo/app/src/main/java/com/cupertinojudo/android/DateFormatterUtil.java
@@ -9,7 +9,7 @@ import java.text.SimpleDateFormat;
 import java.util.Date;
 
 /**
- * Created by fabiohh on 5/11/17.
+ *
  */
 
 public class DateFormatterUtil {
diff --git a/CupertinoJudo/app/src/main/java/com/cupertinojudo/android/Injection.java b/CupertinoJudo/app/src/main/java/com/cupertinojudo/android/Injection.java
index 61adff9..40ecd0f 100644
--- a/CupertinoJudo/app/src/main/java/com/cupertinojudo/android/Injection.java
+++ b/CupertinoJudo/app/src/main/java/com/cupertinojudo/android/Injection.java
@@ -14,7 +14,7 @@ import com.cupertinojudo.android.data.source.remote.CJudoClubRemoteDataSource;
 import static com.google.gson.internal.$Gson$Preconditions.checkNotNull;
 
 /**
- * Created by fabiohh on 5/11/17.
+ *
  */
 
 public class Injection {
diff --git a/CupertinoJudo/app/src/main/java/com/cupertinojudo/android/MainActivity.java b/CupertinoJudo/app/src/main/java/com/cupertinojudo/android/MainActivity.java
index 05e31ff..f6b304f 100644
--- a/CupertinoJudo/app/src/main/java/com/cupertinojudo/android/MainActivity.java
+++ b/CupertinoJudo/app/src/main/java/com/cupertinojudo/android/MainActivity.java
@@ -5,13 +5,17 @@ import android.net.Uri;
 import android.os.Bundle;
 import android.support.annotation.NonNull;
 import android.support.design.widget.BottomNavigationView;
+import android.support.design.widget.CoordinatorLayout;
+import android.support.design.widget.Snackbar;
 import android.support.v4.app.Fragment;
 import android.support.v4.app.FragmentManager;
 import android.support.v4.app.FragmentTransaction;
+import android.support.v4.content.ContextCompat;
 import android.support.v7.app.AppCompatActivity;
 import android.view.MenuItem;
 
 import com.cupertinojudo.android.club.CJClubFragment;
+import com.cupertinojudo.android.data.source.CJTLoaderProvider;
 import com.cupertinojudo.android.notifications.CJudoNotificationContract;
 import com.cupertinojudo.android.notifications.CJudoNotificationPresenter;
 import com.cupertinojudo.android.notifications.CJudoNotificationsFragment;
@@ -31,6 +35,7 @@ public class MainActivity extends AppCompatActivity implements CJTContract.Activ
     public static final String NOTIFICATION_IDENTIFIER = "Notification";
     public static final String NOTIFICATION_OBJECT = "notification_object";
 
+    protected CoordinatorLayout mSnackbarLayout;
     private BottomNavigationView mBottomNavigationView;
     private Vector<Fragment> mFragments;
     private final int MENU_ITEMS = 3;
@@ -69,6 +74,9 @@ public class MainActivity extends AppCompatActivity implements CJTContract.Activ
         // Firebase notification topic subscription
         FirebaseMessaging.getInstance().subscribeToTopic(getString(R.string.notification_topic));
 
+        // Snackbar status
+        mSnackbarLayout = (CoordinatorLayout) findViewById(R.id.snackbar_layout);
+
         mFragments = new Vector<>(MENU_ITEMS);
 
         mBottomNavigationView = (BottomNavigationView) findViewById(R.id.navigation);
@@ -94,7 +102,14 @@ public class MainActivity extends AppCompatActivity implements CJTContract.Activ
         if (null == notificationsFragment) {
             notificationsFragment = CJudoNotificationsFragment.newInstance();
         }
-        new CJudoNotificationPresenter(this, notificationsFragment, Injection.provideClubRepository(getApplicationContext()));
+
+        CJTLoaderProvider loaderProvider = new CJTLoaderProvider(this);
+        new CJudoNotificationPresenter(this,
+                loaderProvider,
+                getSupportLoaderManager(),
+                notificationsFragment,
+                Injection.provideClubRepository(getApplicationContext()));
+
         mFragments.add(NOTIFICATIONS, notificationsFragment);
 
         if (null == savedInstanceState) {
@@ -167,4 +182,25 @@ public class MainActivity extends AppCompatActivity implements CJTContract.Activ
     public void handleStatsClick() {
 
     }
+
+    @Override
+    public void showError(int messageId) {
+        Snackbar snackbar = Snackbar.make(mSnackbarLayout, messageId, Snackbar.LENGTH_LONG);
+        snackbar.getView().setBackgroundColor(ContextCompat.getColor(this, R.color.colorRed));
+        snackbar.show();
+    }
+
+    @Override
+    public void showSuccess(int messageId) {
+        Snackbar snackbar = Snackbar.make(mSnackbarLayout, messageId, Snackbar.LENGTH_LONG);
+        snackbar.getView().setBackgroundColor(ContextCompat.getColor(this, R.color.colorBlueGreen));
+        snackbar.show();
+    }
+
+    @Override
+    public void showError(String message) {
+        Snackbar snackbar = Snackbar.make(mSnackbarLayout, message, Snackbar.LENGTH_LONG);
+        snackbar.getView().setBackgroundColor(ContextCompat.getColor(this, R.color.colorRed));
+        snackbar.show();
+    }
 }
diff --git a/CupertinoJudo/app/src/main/java/com/cupertinojudo/android/TokenStorage.java b/CupertinoJudo/app/src/main/java/com/cupertinojudo/android/TokenStorage.java
index 87504b0..c86667f 100644
--- a/CupertinoJudo/app/src/main/java/com/cupertinojudo/android/TokenStorage.java
+++ b/CupertinoJudo/app/src/main/java/com/cupertinojudo/android/TokenStorage.java
@@ -4,7 +4,7 @@ import android.content.Context;
 import android.content.SharedPreferences;
 
 /**
- * Created by fabiohh on 5/14/17.
+ *
  */
 
 public class TokenStorage {
diff --git a/CupertinoJudo/app/src/main/java/com/cupertinojudo/android/UnitsFormatterUtil.java b/CupertinoJudo/app/src/main/java/com/cupertinojudo/android/UnitsFormatterUtil.java
index d1095d9..45749e8 100644
--- a/CupertinoJudo/app/src/main/java/com/cupertinojudo/android/UnitsFormatterUtil.java
+++ b/CupertinoJudo/app/src/main/java/com/cupertinojudo/android/UnitsFormatterUtil.java
@@ -3,7 +3,7 @@ package com.cupertinojudo.android;
 import android.content.Context;
 
 /**
- * Created by fabiohh on 5/14/17.
+ *
  */
 
 public class UnitsFormatterUtil {
diff --git a/CupertinoJudo/app/src/main/java/com/cupertinojudo/android/club/CJClubFragment.java b/CupertinoJudo/app/src/main/java/com/cupertinojudo/android/club/CJClubFragment.java
index 3e71789..c6bdfd1 100644
--- a/CupertinoJudo/app/src/main/java/com/cupertinojudo/android/club/CJClubFragment.java
+++ b/CupertinoJudo/app/src/main/java/com/cupertinojudo/android/club/CJClubFragment.java
@@ -12,7 +12,7 @@ import com.cupertinojudo.android.R;
 
 
 /**
- * Created by fabiohh on 4/23/17.
+ *
  */
 
 public class CJClubFragment extends Fragment {
diff --git a/CupertinoJudo/app/src/main/java/com/cupertinojudo/android/data/models/Notification.java b/CupertinoJudo/app/src/main/java/com/cupertinojudo/android/data/models/Notification.java
index 0b097cb..867c452 100644
--- a/CupertinoJudo/app/src/main/java/com/cupertinojudo/android/data/models/Notification.java
+++ b/CupertinoJudo/app/src/main/java/com/cupertinojudo/android/data/models/Notification.java
@@ -1,9 +1,18 @@
 package com.cupertinojudo.android.data.models;
 
+import android.content.Context;
+import android.util.Log;
+
+import com.cupertinojudo.android.DateFormatterUtil;
 import com.google.gson.annotations.Expose;
 import com.google.gson.annotations.SerializedName;
 
+import java.text.ParseException;
+import java.text.SimpleDateFormat;
+import java.util.Date;
+
 public class Notification {
+    public static SimpleDateFormat sServerTimeFormat = new SimpleDateFormat("yyyy-MM-dd'T'HH:mm:ss.SSS'Z'");
 
     @SerializedName("title")
     @Expose
@@ -13,7 +22,7 @@ public class Notification {
     private String body;
     @SerializedName("date")
     @Expose
-    private String date;
+    private Date date;
 
     /**
      * No args constructor for use in serialization
@@ -28,11 +37,15 @@ public class Notification {
      * @param title
      * @param date
      */
-    public Notification(String title, String body, String date) {
+    public Notification(String title, String body, String sentAt) {
         super();
         this.title = title;
         this.body = body;
-        this.date = date;
+        try {
+            this.date = sServerTimeFormat.parse(sentAt);
+        } catch (ParseException parseException) {
+
+        }
     }
 
     public String getTitle() {
@@ -51,12 +64,16 @@ public class Notification {
         this.body = body;
     }
 
-    public String getDate() {
-        return date;
+    public String getDate(Context context) {
+        return DateFormatterUtil.formatTimestamp(date, context);
     }
 
     public void setDate(String date) {
-        this.date = date;
+        try {
+            this.date = sServerTimeFormat.parse(date);
+        } catch (ParseException parseException) {
+
+        }
     }
 
 }
\ No newline at end of file
diff --git a/CupertinoJudo/app/src/main/java/com/cupertinojudo/android/data/models/TournamentCategory.java b/CupertinoJudo/app/src/main/java/com/cupertinojudo/android/data/models/TournamentCategory.java
index 6b3667b..7b89695 100644
--- a/CupertinoJudo/app/src/main/java/com/cupertinojudo/android/data/models/TournamentCategory.java
+++ b/CupertinoJudo/app/src/main/java/com/cupertinojudo/android/data/models/TournamentCategory.java
@@ -5,7 +5,7 @@ import android.database.Cursor;
 import com.cupertinojudo.android.data.source.local.CJTPersistenceContract;
 
 /**
- * Created by fabiohh on 5/9/17.
+ *
  */
 
 public class TournamentCategory {
diff --git a/CupertinoJudo/app/src/main/java/com/cupertinojudo/android/data/source/CJTDataSource.java b/CupertinoJudo/app/src/main/java/com/cupertinojudo/android/data/source/CJTDataSource.java
index ed42ae5..a49c5ef 100644
--- a/CupertinoJudo/app/src/main/java/com/cupertinojudo/android/data/source/CJTDataSource.java
+++ b/CupertinoJudo/app/src/main/java/com/cupertinojudo/android/data/source/CJTDataSource.java
@@ -9,7 +9,7 @@ import com.cupertinojudo.android.data.models.TournamentPool;
 import java.util.List;
 
 /**
- * Created by fabiohh on 5/9/17.
+ *
  */
 
 public interface CJTDataSource {
diff --git a/CupertinoJudo/app/src/main/java/com/cupertinojudo/android/data/source/CJTRepository.java b/CupertinoJudo/app/src/main/java/com/cupertinojudo/android/data/source/CJTRepository.java
index 8f072ae..fcdeda3 100644
--- a/CupertinoJudo/app/src/main/java/com/cupertinojudo/android/data/source/CJTRepository.java
+++ b/CupertinoJudo/app/src/main/java/com/cupertinojudo/android/data/source/CJTRepository.java
@@ -9,7 +9,7 @@ import com.cupertinojudo.android.data.models.TournamentCategory;
 import java.util.List;
 
 /**
- * Created by fabiohh on 5/9/17.
+ *
  */
 
 public class CJTRepository implements CJTDataSource {
diff --git a/CupertinoJudo/app/src/main/java/com/cupertinojudo/android/data/source/CJudoClubDataSource.java b/CupertinoJudo/app/src/main/java/com/cupertinojudo/android/data/source/CJudoClubDataSource.java
index c3bc8a8..f5c710b 100644
--- a/CupertinoJudo/app/src/main/java/com/cupertinojudo/android/data/source/CJudoClubDataSource.java
+++ b/CupertinoJudo/app/src/main/java/com/cupertinojudo/android/data/source/CJudoClubDataSource.java
@@ -8,7 +8,7 @@ import com.cupertinojudo.android.data.models.Notification;
 import java.util.List;
 
 /**
- * Created by fabiohh on 5/15/17.
+ *
  */
 
 public interface CJudoClubDataSource {
diff --git a/CupertinoJudo/app/src/main/java/com/cupertinojudo/android/data/source/CJudoClubRepository.java b/CupertinoJudo/app/src/main/java/com/cupertinojudo/android/data/source/CJudoClubRepository.java
index e7cf9bf..e91c592 100644
--- a/CupertinoJudo/app/src/main/java/com/cupertinojudo/android/data/source/CJudoClubRepository.java
+++ b/CupertinoJudo/app/src/main/java/com/cupertinojudo/android/data/source/CJudoClubRepository.java
@@ -1,5 +1,6 @@
 package com.cupertinojudo.android.data.source;
 
+import android.database.Cursor;
 import android.support.annotation.NonNull;
 
 import com.cupertinojudo.android.data.models.News;
@@ -8,7 +9,7 @@ import com.cupertinojudo.android.data.models.Notification;
 import java.util.List;
 
 /**
- * Created by fabiohh on 5/15/17.
+ *
  */
 
 public class CJudoClubRepository implements CJudoClubDataSource {
@@ -56,4 +57,14 @@ public class CJudoClubRepository implements CJudoClubDataSource {
             }
         });
     }
+
+    public interface LoadDataCallback {
+        void onDataLoaded(Cursor data);
+
+        void onDataEmpty();
+
+        void onDataNotAvailable();
+
+        void onDataReset();
+    }
 }
diff --git a/CupertinoJudo/app/src/main/java/com/cupertinojudo/android/data/source/local/CJTDbHelper.java b/CupertinoJudo/app/src/main/java/com/cupertinojudo/android/data/source/local/CJTDbHelper.java
index 26c9472..3d40d92 100644
--- a/CupertinoJudo/app/src/main/java/com/cupertinojudo/android/data/source/local/CJTDbHelper.java
+++ b/CupertinoJudo/app/src/main/java/com/cupertinojudo/android/data/source/local/CJTDbHelper.java
@@ -5,7 +5,7 @@ import android.database.sqlite.SQLiteDatabase;
 import android.database.sqlite.SQLiteOpenHelper;
 
 /**
- * Created by fabiohh on 5/9/17.
+ *
  */
 
 public class CJTDbHelper extends SQLiteOpenHelper {
diff --git a/CupertinoJudo/app/src/main/java/com/cupertinojudo/android/data/source/local/CJTLocalDataSource.java b/CupertinoJudo/app/src/main/java/com/cupertinojudo/android/data/source/local/CJTLocalDataSource.java
index 3b20ae4..afedd92 100644
--- a/CupertinoJudo/app/src/main/java/com/cupertinojudo/android/data/source/local/CJTLocalDataSource.java
+++ b/CupertinoJudo/app/src/main/java/com/cupertinojudo/android/data/source/local/CJTLocalDataSource.java
@@ -15,7 +15,7 @@ import java.util.List;
 import static com.google.gson.internal.$Gson$Preconditions.checkNotNull;
 
 /**
- * Created by fabiohh on 5/9/17.
+ *
  */
 
 public class CJTLocalDataSource implements CJTDataSource {
diff --git a/CupertinoJudo/app/src/main/java/com/cupertinojudo/android/data/source/local/CJTPersistenceContract.java b/CupertinoJudo/app/src/main/java/com/cupertinojudo/android/data/source/local/CJTPersistenceContract.java
index 6156162..974ef4d 100644
--- a/CupertinoJudo/app/src/main/java/com/cupertinojudo/android/data/source/local/CJTPersistenceContract.java
+++ b/CupertinoJudo/app/src/main/java/com/cupertinojudo/android/data/source/local/CJTPersistenceContract.java
@@ -10,7 +10,7 @@ import com.cupertinojudo.android.BuildConfig;
 import java.util.List;
 
 /**
- * Created by fabiohh on 5/9/17.
+ *
  */
 
 public class CJTPersistenceContract {
diff --git a/CupertinoJudo/app/src/main/java/com/cupertinojudo/android/data/source/local/CJTProvider.java b/CupertinoJudo/app/src/main/java/com/cupertinojudo/android/data/source/local/CJTProvider.java
index b09d2e2..fcb018a 100644
--- a/CupertinoJudo/app/src/main/java/com/cupertinojudo/android/data/source/local/CJTProvider.java
+++ b/CupertinoJudo/app/src/main/java/com/cupertinojudo/android/data/source/local/CJTProvider.java
@@ -21,7 +21,7 @@ import static com.cupertinojudo.android.data.source.local.CJTPersistenceContract
 
 
 /**
- * Created by fabiohh on 5/10/17.
+ *
  */
 
 public class CJTProvider extends ContentProvider {
diff --git a/CupertinoJudo/app/src/main/java/com/cupertinojudo/android/data/source/remote/CJTRemoteDataSource.java b/CupertinoJudo/app/src/main/java/com/cupertinojudo/android/data/source/remote/CJTRemoteDataSource.java
index 70c14e9..d96fee7 100644
--- a/CupertinoJudo/app/src/main/java/com/cupertinojudo/android/data/source/remote/CJTRemoteDataSource.java
+++ b/CupertinoJudo/app/src/main/java/com/cupertinojudo/android/data/source/remote/CJTRemoteDataSource.java
@@ -17,7 +17,7 @@ import retrofit2.Retrofit;
 import retrofit2.converter.gson.GsonConverterFactory;
 
 /**
- * Created by fabiohh on 5/9/17.
+ *
  */
 
 public class CJTRemoteDataSource implements CJTDataSource {
diff --git a/CupertinoJudo/app/src/main/java/com/cupertinojudo/android/data/source/remote/CJTServerInterface.java b/CupertinoJudo/app/src/main/java/com/cupertinojudo/android/data/source/remote/CJTServerInterface.java
index 816704c..674a5be 100644
--- a/CupertinoJudo/app/src/main/java/com/cupertinojudo/android/data/source/remote/CJTServerInterface.java
+++ b/CupertinoJudo/app/src/main/java/com/cupertinojudo/android/data/source/remote/CJTServerInterface.java
@@ -7,7 +7,7 @@ import retrofit2.Call;
 import retrofit2.http.GET;
 
 /**
- * Created by fabiohh on 5/10/17.
+ *
  */
 
 public interface CJTServerInterface {
diff --git a/CupertinoJudo/app/src/main/java/com/cupertinojudo/android/data/source/remote/CJudoClubRemoteDataSource.java b/CupertinoJudo/app/src/main/java/com/cupertinojudo/android/data/source/remote/CJudoClubRemoteDataSource.java
index 23c211e..e1c67c4 100644
--- a/CupertinoJudo/app/src/main/java/com/cupertinojudo/android/data/source/remote/CJudoClubRemoteDataSource.java
+++ b/CupertinoJudo/app/src/main/java/com/cupertinojudo/android/data/source/remote/CJudoClubRemoteDataSource.java
@@ -1,6 +1,7 @@
 package com.cupertinojudo.android.data.source.remote;
 
 import android.support.annotation.NonNull;
+import android.util.Log;
 
 import com.cupertinojudo.android.BuildConfig;
 import com.cupertinojudo.android.data.models.Club;
@@ -18,7 +19,7 @@ import retrofit2.Retrofit;
 import retrofit2.converter.gson.GsonConverterFactory;
 
 /**
- * Created by fabiohh on 5/15/17.
+ *
  */
 
 public class CJudoClubRemoteDataSource implements CJudoClubDataSource {
@@ -55,6 +56,7 @@ public class CJudoClubRemoteDataSource implements CJudoClubDataSource {
                 if (response.isSuccessful()) {
                     List<Notification> notificationList = response.body().getNotifications();
 
+                    Log.d("HERE", "onResponse() called with: call = [" + call + "], response = [" + response + "]");
                     callback.onNotificationsLoaded(notificationList);
                 } else {
                     // Log error
diff --git a/CupertinoJudo/app/src/main/java/com/cupertinojudo/android/firebase/CJFCMMessagingService.java b/CupertinoJudo/app/src/main/java/com/cupertinojudo/android/firebase/CJFCMMessagingService.java
index e044a0a..e64a15c 100644
--- a/CupertinoJudo/app/src/main/java/com/cupertinojudo/android/firebase/CJFCMMessagingService.java
+++ b/CupertinoJudo/app/src/main/java/com/cupertinojudo/android/firebase/CJFCMMessagingService.java
@@ -20,7 +20,7 @@ import java.util.Date;
 import java.util.Map;
 
 /**
- * Created by fabiohh on 5/14/17.
+ *
  */
 
 public class CJFCMMessagingService extends FirebaseMessagingService {
diff --git a/CupertinoJudo/app/src/main/java/com/cupertinojudo/android/firebase/CJInstanceIDListenerService.java b/CupertinoJudo/app/src/main/java/com/cupertinojudo/android/firebase/CJInstanceIDListenerService.java
index ba9454a..9b835c0 100644
--- a/CupertinoJudo/app/src/main/java/com/cupertinojudo/android/firebase/CJInstanceIDListenerService.java
+++ b/CupertinoJudo/app/src/main/java/com/cupertinojudo/android/firebase/CJInstanceIDListenerService.java
@@ -9,7 +9,7 @@ import com.google.firebase.iid.FirebaseInstanceIdService;
 import static com.google.android.gms.internal.zzt.TAG;
 
 /**
- * Created by fabiohh on 5/14/17.
+ *
  */
 
 public class CJInstanceIDListenerService extends FirebaseInstanceIdService {
diff --git a/CupertinoJudo/app/src/main/java/com/cupertinojudo/android/notifications/CJudoNotificationContract.java b/CupertinoJudo/app/src/main/java/com/cupertinojudo/android/notifications/CJudoNotificationContract.java
index d55ab77..35ef423 100644
--- a/CupertinoJudo/app/src/main/java/com/cupertinojudo/android/notifications/CJudoNotificationContract.java
+++ b/CupertinoJudo/app/src/main/java/com/cupertinojudo/android/notifications/CJudoNotificationContract.java
@@ -7,13 +7,12 @@ import com.cupertinojudo.android.data.models.Notification;
 import java.util.List;
 
 /**
- * Created by fabiohh on 5/15/17.
+ *
  */
 
 public interface CJudoNotificationContract {
 
     interface Presenter extends BasePresenterInterface {
-
     }
 
     interface ViewInterface extends BaseViewInterface<Presenter> {
@@ -22,6 +21,8 @@ public interface CJudoNotificationContract {
     }
 
     interface ActivityInterface {
-
+        void showError(int messageId);
+        void showError(String message);
+        void showSuccess(int messageId);
     }
 }
diff --git a/CupertinoJudo/app/src/main/java/com/cupertinojudo/android/notifications/CJudoNotificationPresenter.java b/CupertinoJudo/app/src/main/java/com/cupertinojudo/android/notifications/CJudoNotificationPresenter.java
index 202ae22..a7c9309 100644
--- a/CupertinoJudo/app/src/main/java/com/cupertinojudo/android/notifications/CJudoNotificationPresenter.java
+++ b/CupertinoJudo/app/src/main/java/com/cupertinojudo/android/notifications/CJudoNotificationPresenter.java
@@ -1,31 +1,47 @@
 package com.cupertinojudo.android.notifications;
 
 import android.support.annotation.NonNull;
+import android.support.v4.app.LoaderManager;
 
+import com.cupertinojudo.android.R;
 import com.cupertinojudo.android.data.models.Notification;
+import com.cupertinojudo.android.data.source.CJTLoaderProvider;
 import com.cupertinojudo.android.data.source.CJudoClubDataSource;
 import com.cupertinojudo.android.data.source.CJudoClubRepository;
 
 import java.util.List;
 
 /**
- * Created by fabiohh on 5/15/17.
+ *
  */
 
-public class CJudoNotificationPresenter implements CJudoNotificationContract.Presenter {
+public class CJudoNotificationPresenter implements CJudoNotificationContract.Presenter,
+        CJudoClubDataSource.GetNotificationsCallback {
 
     private CJudoNotificationContract.ViewInterface mViewInterface;
     private CJudoNotificationContract.ActivityInterface mActivityInterface;
 
     @NonNull
+    private final LoaderManager mLoaderManager;
+
+    @NonNull
     private final CJudoClubRepository mClubRepository;
 
+    @NonNull
+    private final CJTLoaderProvider mLoaderProvider;
+
     public CJudoNotificationPresenter(CJudoNotificationContract.ActivityInterface activityInterface,
-                            CJudoNotificationContract.ViewInterface viewInterface,
-                            CJudoClubRepository repository) {
+                                      CJTLoaderProvider loaderProvider,
+                                      LoaderManager loaderManager,
+                                      CJudoNotificationContract.ViewInterface viewInterface,
+                                      CJudoClubRepository repository) {
         mActivityInterface = activityInterface;
         mViewInterface = viewInterface;
         mClubRepository = repository;
+        mLoaderProvider = loaderProvider;
+        mLoaderManager = loaderManager;
+
+        mViewInterface.setPresenter(this);
     }
 
 
@@ -35,7 +51,7 @@ public class CJudoNotificationPresenter implements CJudoNotificationContract.Pre
     }
 
     private void loadNotifications() {
-        // Load from server, do dedupping with local database later
+        // Load from server, dedup with local database later
         mViewInterface.setLoadingIndicator(true);
         mClubRepository.getNotifications(new CJudoClubDataSource.GetNotificationsCallback() {
             @Override
@@ -46,7 +62,21 @@ public class CJudoNotificationPresenter implements CJudoNotificationContract.Pre
             @Override
             public void onDataNotAvailable(String errorMessage) {
                 // Error message
+                mActivityInterface.showError(errorMessage);
             }
         });
     }
+
+    @Override
+        public void onNotificationsLoaded(@NonNull List<Notification> notifications) {
+        mViewInterface.setLoadingIndicator(false);
+        mViewInterface.updateNotifications(notifications);
+    }
+
+    @Override
+    public void onDataNotAvailable(String errorMessage) {
+        mViewInterface.setLoadingIndicator(false);
+        mActivityInterface.showError(R.string.failed_to_load_data);
+    }
+
 }
diff --git a/CupertinoJudo/app/src/main/java/com/cupertinojudo/android/notifications/CJudoNotificationsFragment.java b/CupertinoJudo/app/src/main/java/com/cupertinojudo/android/notifications/CJudoNotificationsFragment.java
index 84272f6..532f421 100644
--- a/CupertinoJudo/app/src/main/java/com/cupertinojudo/android/notifications/CJudoNotificationsFragment.java
+++ b/CupertinoJudo/app/src/main/java/com/cupertinojudo/android/notifications/CJudoNotificationsFragment.java
@@ -4,9 +4,11 @@ import android.os.Bundle;
 import android.support.annotation.Nullable;
 import android.support.v4.app.Fragment;
 import android.support.v7.app.AppCompatActivity;
+import android.support.v7.widget.DividerItemDecoration;
 import android.support.v7.widget.LinearLayoutManager;
 import android.support.v7.widget.RecyclerView;
 import android.support.v7.widget.Toolbar;
+import android.util.Log;
 import android.view.LayoutInflater;
 import android.view.View;
 import android.view.ViewGroup;
@@ -18,7 +20,7 @@ import com.cupertinojudo.android.data.models.Notification;
 import java.util.List;
 
 /**
- * Created by fabiohh on 4/23/17.
+ *
  */
 
 public class CJudoNotificationsFragment extends Fragment implements CJudoNotificationContract.ViewInterface {
@@ -38,6 +40,13 @@ public class CJudoNotificationsFragment extends Fragment implements CJudoNotific
         setRetainInstance(true);
     }
 
+    @Override
+    public void onResume() {
+        super.onResume();
+        Log.i("HERE", "start called.");
+        mPresenter.start();
+    }
+
     @Nullable
     @Override
     public View onCreateView(LayoutInflater inflater, @Nullable ViewGroup container, @Nullable Bundle savedInstanceState) {
@@ -49,8 +58,13 @@ public class CJudoNotificationsFragment extends Fragment implements CJudoNotific
         toolbar.setTitle(R.string.title_notifications);
 
         mNotificationsRecyclerView = (RecyclerView) view.findViewById(R.id.notifications_recyclerview);
-        mNotificationsRecyclerView.setLayoutManager(new LinearLayoutManager(getActivity()));
+        LinearLayoutManager layoutManager = new LinearLayoutManager(getContext());
+
+        mNotificationsRecyclerView.setLayoutManager(layoutManager);
         mNotificationsRecyclerView.setAdapter(mNotificationAdapter);
+        DividerItemDecoration dividerItemDecoration = new DividerItemDecoration(mNotificationsRecyclerView.getContext(),
+                layoutManager.getOrientation());
+        mNotificationsRecyclerView.addItemDecoration(dividerItemDecoration);
 
         return view;
     }
@@ -88,8 +102,7 @@ public class CJudoNotificationsFragment extends Fragment implements CJudoNotific
         @Override
         public void onBindViewHolder(ViewHolder holder, int position) {
             holder.mTitle.setText(mNotificationList.get(position).getTitle());
-            holder.mBody.setText(mNotificationList.get(position).getBody());
-            holder.mDate.setText(mNotificationList.get(position).getDate());
+            holder.mDate.setText(mNotificationList.get(position).getDate(holder.itemView.getContext()));
         }
 
         @Override
@@ -102,14 +115,12 @@ public class CJudoNotificationsFragment extends Fragment implements CJudoNotific
 
         static class ViewHolder extends RecyclerView.ViewHolder {
             public TextView mTitle;
-            public TextView mBody;
             public TextView mDate;
 
             public ViewHolder(View itemView) {
                 super(itemView);
 
                 mTitle = (TextView) itemView.findViewById(R.id.notification_title);
-                mBody = (TextView) itemView.findViewById(R.id.notification_body);
                 mDate = (TextView) itemView.findViewById(R.id.notification_time);
             }
         }
diff --git a/CupertinoJudo/app/src/main/java/com/cupertinojudo/android/tournament/CJTContract.java b/CupertinoJudo/app/src/main/java/com/cupertinojudo/android/tournament/CJTContract.java
index c2f3acd..3792bc5 100644
--- a/CupertinoJudo/app/src/main/java/com/cupertinojudo/android/tournament/CJTContract.java
+++ b/CupertinoJudo/app/src/main/java/com/cupertinojudo/android/tournament/CJTContract.java
@@ -4,7 +4,7 @@ import com.cupertinojudo.android.BasePresenterInterface;
 import com.cupertinojudo.android.BaseViewInterface;
 
 /**
- * Created by fabiohh on 4/26/17.
+ *
  */
 
 public interface CJTContract {
@@ -24,5 +24,9 @@ public interface CJTContract {
         void handleConcessionClick();
         void handleVenueClick();
         void handleStatsClick();
+
+        void showError(int messageId);
+        void showError(String message);
+        void showSuccess(int messageId);
     }
 }
diff --git a/CupertinoJudo/app/src/main/java/com/cupertinojudo/android/tournament/CJTFragment.java b/CupertinoJudo/app/src/main/java/com/cupertinojudo/android/tournament/CJTFragment.java
index f2ec42a..6960608 100644
--- a/CupertinoJudo/app/src/main/java/com/cupertinojudo/android/tournament/CJTFragment.java
+++ b/CupertinoJudo/app/src/main/java/com/cupertinojudo/android/tournament/CJTFragment.java
@@ -17,7 +17,7 @@ import java.util.ArrayList;
 import java.util.List;
 
 /**
- * Created by fabiohh on 4/23/17.
+ *
  */
 
 public class CJTFragment extends Fragment implements CJTContract.ViewInterface {
diff --git a/CupertinoJudo/app/src/main/java/com/cupertinojudo/android/tournament/CJTGridViewAdapter.java b/CupertinoJudo/app/src/main/java/com/cupertinojudo/android/tournament/CJTGridViewAdapter.java
index 197e943..49b8c49 100644
--- a/CupertinoJudo/app/src/main/java/com/cupertinojudo/android/tournament/CJTGridViewAdapter.java
+++ b/CupertinoJudo/app/src/main/java/com/cupertinojudo/android/tournament/CJTGridViewAdapter.java
@@ -12,7 +12,7 @@ import com.cupertinojudo.android.R;
 import java.util.List;
 
 /**
- * Created by fabiohh on 4/30/17.
+ *
  */
 
 public class CJTGridViewAdapter extends BaseAdapter {
diff --git a/CupertinoJudo/app/src/main/java/com/cupertinojudo/android/tournament/CJTPresenter.java b/CupertinoJudo/app/src/main/java/com/cupertinojudo/android/tournament/CJTPresenter.java
index 286aee9..983c0ec 100644
--- a/CupertinoJudo/app/src/main/java/com/cupertinojudo/android/tournament/CJTPresenter.java
+++ b/CupertinoJudo/app/src/main/java/com/cupertinojudo/android/tournament/CJTPresenter.java
@@ -1,7 +1,7 @@
 package com.cupertinojudo.android.tournament;
 
 /**
- * Created by fabiohh on 4/26/17.
+ *
  */
 
 public class CJTPresenter implements CJTContract.Presenter {
diff --git a/CupertinoJudo/app/src/main/java/com/cupertinojudo/android/tournament/CJTTile.java b/CupertinoJudo/app/src/main/java/com/cupertinojudo/android/tournament/CJTTile.java
index 278b2a5..e2aff35 100644
--- a/CupertinoJudo/app/src/main/java/com/cupertinojudo/android/tournament/CJTTile.java
+++ b/CupertinoJudo/app/src/main/java/com/cupertinojudo/android/tournament/CJTTile.java
@@ -3,7 +3,7 @@ package com.cupertinojudo.android.tournament;
 import android.graphics.drawable.Drawable;
 
 /**
- * Created by fabiohh on 4/30/17.
+ *
  */
 
 public class CJTTile {
diff --git a/CupertinoJudo/app/src/main/java/com/cupertinojudo/android/tournament/categories/CJTCategoriesActivity.java b/CupertinoJudo/app/src/main/java/com/cupertinojudo/android/tournament/categories/CJTCategoriesActivity.java
index 73dc141..8aed2e4 100644
--- a/CupertinoJudo/app/src/main/java/com/cupertinojudo/android/tournament/categories/CJTCategoriesActivity.java
+++ b/CupertinoJudo/app/src/main/java/com/cupertinojudo/android/tournament/categories/CJTCategoriesActivity.java
@@ -2,8 +2,11 @@ package com.cupertinojudo.android.tournament.categories;
 
 import android.os.Bundle;
 import android.support.annotation.Nullable;
+import android.support.design.widget.CoordinatorLayout;
+import android.support.design.widget.Snackbar;
 import android.support.v4.app.FragmentManager;
 import android.support.v4.app.FragmentTransaction;
+import android.support.v4.content.ContextCompat;
 import android.support.v7.app.AppCompatActivity;
 import android.view.MenuItem;
 
@@ -16,7 +19,9 @@ import com.cupertinojudo.android.data.source.CJTLoaderProvider;
  */
 
 public class CJTCategoriesActivity extends AppCompatActivity implements CJTCategoriesContract.ActivityInterface,
-CJTPoolsContract.ActivityInterface, CJTPoolContract.ActivityInterface, CJTDetailParticipantContract.ActivityInterface {
+        CJTPoolsContract.ActivityInterface, CJTPoolContract.ActivityInterface, CJTDetailParticipantContract.ActivityInterface {
+
+    protected CoordinatorLayout mSnackbarLayout;
     private CJTCategoriesFragment mCategoryFragment;
     private CJTCategoriesPresenter mCategoryPresenter;
     private static final int TOURNAMENT_YEAR = 2016;
@@ -29,6 +34,10 @@ CJTPoolsContract.ActivityInterface, CJTPoolContract.ActivityInterface, CJTDetail
 
         mCategoryFragment = CJTCategoriesFragment.newInstance();
 
+        // Snackbar status
+        mSnackbarLayout = (CoordinatorLayout) findViewById(R.id.snackbar_layout);
+
+
         CJTLoaderProvider loaderProvider = new CJTLoaderProvider(this);
         mCategoryPresenter = new CJTCategoriesPresenter(
                 this,
@@ -37,7 +46,7 @@ CJTPoolsContract.ActivityInterface, CJTPoolContract.ActivityInterface, CJTDetail
                 mCategoryFragment,
                 Injection.provideTournamentRepository(this),
                 TOURNAMENT_YEAR
-                );
+        );
 
         FragmentManager fragmentManager = getSupportFragmentManager();
         FragmentTransaction transaction = fragmentManager.beginTransaction();
@@ -116,7 +125,9 @@ CJTPoolsContract.ActivityInterface, CJTPoolContract.ActivityInterface, CJTDetail
 
     @Override
     public void showError(int messageId) {
-
+        Snackbar snackbar = Snackbar.make(mSnackbarLayout, messageId, Snackbar.LENGTH_LONG);
+        snackbar.getView().setBackgroundColor(ContextCompat.getColor(this, R.color.colorRed));
+        snackbar.show();
     }
 
     @Override
@@ -127,4 +138,12 @@ CJTPoolsContract.ActivityInterface, CJTPoolContract.ActivityInterface, CJTDetail
         }
         return super.onOptionsItemSelected(item);
     }
+
+    @Override
+    public void showError(String message) {
+        Snackbar snackbar = Snackbar.make(mSnackbarLayout, message, Snackbar.LENGTH_LONG);
+        snackbar.getView().setBackgroundColor(ContextCompat.getColor(this, R.color.colorRed));
+        snackbar.show();
+
+    }
 }
diff --git a/CupertinoJudo/app/src/main/java/com/cupertinojudo/android/tournament/categories/CJTCategoriesContract.java b/CupertinoJudo/app/src/main/java/com/cupertinojudo/android/tournament/categories/CJTCategoriesContract.java
index f75e4b2..e83c5af 100644
--- a/CupertinoJudo/app/src/main/java/com/cupertinojudo/android/tournament/categories/CJTCategoriesContract.java
+++ b/CupertinoJudo/app/src/main/java/com/cupertinojudo/android/tournament/categories/CJTCategoriesContract.java
@@ -6,7 +6,7 @@ import com.cupertinojudo.android.BasePresenterInterface;
 import com.cupertinojudo.android.BaseViewInterface;
 
 /**
- * Created by fabiohh on 5/9/17.
+ *
  */
 
 public interface CJTCategoriesContract {
@@ -23,5 +23,6 @@ public interface CJTCategoriesContract {
     interface ActivityInterface {
         void handlePoolsItemClick(String category);
         void showError(int messageId);
+        void showError(String message);
     }
 }
diff --git a/CupertinoJudo/app/src/main/java/com/cupertinojudo/android/tournament/categories/CJTDetailParticipantContract.java b/CupertinoJudo/app/src/main/java/com/cupertinojudo/android/tournament/categories/CJTDetailParticipantContract.java
index f8269c4..9dc061d 100644
--- a/CupertinoJudo/app/src/main/java/com/cupertinojudo/android/tournament/categories/CJTDetailParticipantContract.java
+++ b/CupertinoJudo/app/src/main/java/com/cupertinojudo/android/tournament/categories/CJTDetailParticipantContract.java
@@ -5,7 +5,7 @@ import com.cupertinojudo.android.BaseViewInterface;
 import com.cupertinojudo.android.data.models.Participant;
 
 /**
- * Created by fabiohh on 5/13/17.
+ *
  */
 
 public interface CJTDetailParticipantContract {
diff --git a/CupertinoJudo/app/src/main/java/com/cupertinojudo/android/tournament/categories/CJTDetailParticipantFragment.java b/CupertinoJudo/app/src/main/java/com/cupertinojudo/android/tournament/categories/CJTDetailParticipantFragment.java
index 0711a06..faa9eca 100644
--- a/CupertinoJudo/app/src/main/java/com/cupertinojudo/android/tournament/categories/CJTDetailParticipantFragment.java
+++ b/CupertinoJudo/app/src/main/java/com/cupertinojudo/android/tournament/categories/CJTDetailParticipantFragment.java
@@ -16,7 +16,7 @@ import com.cupertinojudo.android.UnitsFormatterUtil;
 import com.cupertinojudo.android.data.models.Participant;
 
 /**
- * Created by fabiohh on 5/13/17.
+ *
  */
 
 public class CJTDetailParticipantFragment extends Fragment implements CJTDetailParticipantContract.ViewInterface {
diff --git a/CupertinoJudo/app/src/main/java/com/cupertinojudo/android/tournament/categories/CJTDetailParticipantPresenter.java b/CupertinoJudo/app/src/main/java/com/cupertinojudo/android/tournament/categories/CJTDetailParticipantPresenter.java
index 90eda5c..1d58d1f 100644
--- a/CupertinoJudo/app/src/main/java/com/cupertinojudo/android/tournament/categories/CJTDetailParticipantPresenter.java
+++ b/CupertinoJudo/app/src/main/java/com/cupertinojudo/android/tournament/categories/CJTDetailParticipantPresenter.java
@@ -13,7 +13,7 @@ import com.cupertinojudo.android.data.source.CJTLoaderProvider;
 import com.cupertinojudo.android.data.source.CJTRepository;
 
 /**
- * Created by fabiohh on 5/13/17.
+ *
  */
 
 public class CJTDetailParticipantPresenter implements CJTDetailParticipantContract.Presenter,
diff --git a/CupertinoJudo/app/src/main/java/com/cupertinojudo/android/tournament/categories/CJTPoolsContract.java b/CupertinoJudo/app/src/main/java/com/cupertinojudo/android/tournament/categories/CJTPoolsContract.java
index 9836b40..36d1854 100644
--- a/CupertinoJudo/app/src/main/java/com/cupertinojudo/android/tournament/categories/CJTPoolsContract.java
+++ b/CupertinoJudo/app/src/main/java/com/cupertinojudo/android/tournament/categories/CJTPoolsContract.java
@@ -6,7 +6,7 @@ import com.cupertinojudo.android.BasePresenterInterface;
 import com.cupertinojudo.android.BaseViewInterface;
 
 /**
- * Created by fabiohh on 5/13/17.
+ *
  */
 
 public interface CJTPoolsContract {
diff --git a/CupertinoJudo/app/src/main/java/com/cupertinojudo/android/tournament/categories/CursorFilter.java b/CupertinoJudo/app/src/main/java/com/cupertinojudo/android/tournament/categories/CursorFilter.java
index 80d3af8..2c6c89f 100644
--- a/CupertinoJudo/app/src/main/java/com/cupertinojudo/android/tournament/categories/CursorFilter.java
+++ b/CupertinoJudo/app/src/main/java/com/cupertinojudo/android/tournament/categories/CursorFilter.java
@@ -29,7 +29,7 @@ import android.widget.Filter;
 
 
 /**
- * Created by fabiohh on 5/13/17.
+ *
  */
 
 
diff --git a/CupertinoJudo/app/src/main/java/com/cupertinojudo/android/tournament/schedule/CJTScheduleContract.java b/CupertinoJudo/app/src/main/java/com/cupertinojudo/android/tournament/schedule/CJTScheduleContract.java
index 96b3103..0c8b8e3 100644
--- a/CupertinoJudo/app/src/main/java/com/cupertinojudo/android/tournament/schedule/CJTScheduleContract.java
+++ b/CupertinoJudo/app/src/main/java/com/cupertinojudo/android/tournament/schedule/CJTScheduleContract.java
@@ -4,7 +4,7 @@ import com.cupertinojudo.android.BasePresenterInterface;
 import com.cupertinojudo.android.BaseViewInterface;
 
 /**
- * Created by fabiohh on 5/8/17.
+ *
  */
 
 interface CJTScheduleContract {
diff --git a/CupertinoJudo/app/src/main/java/com/cupertinojudo/android/tournament/schedule/CJTScheduleFragment.java b/CupertinoJudo/app/src/main/java/com/cupertinojudo/android/tournament/schedule/CJTScheduleFragment.java
index 47d03b6..71bf3e0 100644
--- a/CupertinoJudo/app/src/main/java/com/cupertinojudo/android/tournament/schedule/CJTScheduleFragment.java
+++ b/CupertinoJudo/app/src/main/java/com/cupertinojudo/android/tournament/schedule/CJTScheduleFragment.java
@@ -13,7 +13,7 @@ import android.webkit.WebView;
 import com.cupertinojudo.android.R;
 
 /**
- * Created by fabiohh on 5/8/17.
+ *
  */
 
 public class CJTScheduleFragment extends Fragment implements CJTScheduleContract.ViewInterface {
diff --git a/CupertinoJudo/app/src/main/java/com/cupertinojudo/android/tournament/schedule/CJTSchedulePresenter.java b/CupertinoJudo/app/src/main/java/com/cupertinojudo/android/tournament/schedule/CJTSchedulePresenter.java
index 60dbd9a..37a1bfe 100644
--- a/CupertinoJudo/app/src/main/java/com/cupertinojudo/android/tournament/schedule/CJTSchedulePresenter.java
+++ b/CupertinoJudo/app/src/main/java/com/cupertinojudo/android/tournament/schedule/CJTSchedulePresenter.java
@@ -3,7 +3,7 @@ package com.cupertinojudo.android.tournament.schedule;
 import com.cupertinojudo.android.tournament.CJTContract;
 
 /**
- * Created by fabiohh on 5/8/17.
+ *
  */
 
 public class CJTSchedulePresenter implements CJTScheduleContract.Presenter {
diff --git a/CupertinoJudo/app/src/main/java/com/cupertinojudo/android/tournament/venue/CJTVenueContract.java b/CupertinoJudo/app/src/main/java/com/cupertinojudo/android/tournament/venue/CJTVenueContract.java
index b587b22..a351400 100644
--- a/CupertinoJudo/app/src/main/java/com/cupertinojudo/android/tournament/venue/CJTVenueContract.java
+++ b/CupertinoJudo/app/src/main/java/com/cupertinojudo/android/tournament/venue/CJTVenueContract.java
@@ -4,7 +4,7 @@ import com.cupertinojudo.android.BasePresenterInterface;
 import com.cupertinojudo.android.BaseViewInterface;
 
 /**
- * Created by fabiohh on 5/8/17.
+ *
  */
 
 public interface CJTVenueContract {
diff --git a/CupertinoJudo/app/src/main/java/com/cupertinojudo/android/tournament/venue/CJTVenueFragment.java b/CupertinoJudo/app/src/main/java/com/cupertinojudo/android/tournament/venue/CJTVenueFragment.java
index 5349b9d..5cc93bd 100644
--- a/CupertinoJudo/app/src/main/java/com/cupertinojudo/android/tournament/venue/CJTVenueFragment.java
+++ b/CupertinoJudo/app/src/main/java/com/cupertinojudo/android/tournament/venue/CJTVenueFragment.java
@@ -13,7 +13,7 @@ import android.webkit.WebView;
 import com.cupertinojudo.android.R;
 
 /**
- * Created by fabiohh on 5/8/17.
+ *
  */
 
 public class CJTVenueFragment extends Fragment implements CJTVenueContract.ViewInterface {
diff --git a/CupertinoJudo/app/src/main/java/com/cupertinojudo/android/tournament/venue/CJTVenuePresenter.java b/CupertinoJudo/app/src/main/java/com/cupertinojudo/android/tournament/venue/CJTVenuePresenter.java
index 679e5f9..b9aae37 100644
--- a/CupertinoJudo/app/src/main/java/com/cupertinojudo/android/tournament/venue/CJTVenuePresenter.java
+++ b/CupertinoJudo/app/src/main/java/com/cupertinojudo/android/tournament/venue/CJTVenuePresenter.java
@@ -3,7 +3,7 @@ package com.cupertinojudo.android.tournament.venue;
 import com.cupertinojudo.android.tournament.CJTContract;
 
 /**
- * Created by fabiohh on 5/8/17.
+ *
  */
 
 
diff --git a/CupertinoJudo/app/src/main/res/layout/activity_main.xml b/CupertinoJudo/app/src/main/res/layout/activity_main.xml
index 28546af..4849cae 100644
--- a/CupertinoJudo/app/src/main/res/layout/activity_main.xml
+++ b/CupertinoJudo/app/src/main/res/layout/activity_main.xml
@@ -1,29 +1,41 @@
 <?xml version="1.0" encoding="utf-8"?>
-<LinearLayout xmlns:android="http://schemas.android.com/apk/res/android"
+<FrameLayout xmlns:android="http://schemas.android.com/apk/res/android"
     xmlns:app="http://schemas.android.com/apk/res-auto"
     xmlns:tools="http://schemas.android.com/tools"
-    android:id="@+id/container"
     android:layout_width="match_parent"
-    android:layout_height="match_parent"
-    android:orientation="vertical"
-    tools:context="com.cupertinojudo.android.MainActivity">
+    android:layout_height="match_parent">
 
-    <FrameLayout
-        android:id="@+id/content"
+    <LinearLayout
+        android:id="@+id/container"
         android:layout_width="match_parent"
-        android:layout_height="0dp"
-        android:layout_weight="1">
+        android:layout_height="match_parent"
+        android:orientation="vertical"
+        tools:context="com.cupertinojudo.android.MainActivity">
 
-    </FrameLayout>
+        <FrameLayout
+            android:id="@+id/content"
+            android:layout_width="match_parent"
+            android:layout_height="0dp"
+            android:layout_weight="1">
 
-    <android.support.design.widget.BottomNavigationView
-        android:id="@+id/navigation"
+        </FrameLayout>
+
+        <android.support.design.widget.BottomNavigationView
+            android:id="@+id/navigation"
+            android:layout_width="match_parent"
+            android:layout_height="wrap_content"
+            android:layout_gravity="bottom"
+            android:background="?android:attr/windowBackground"
+            app:itemIconTint="@drawable/bottom_nav_color_selector"
+            app:itemTextColor="@drawable/bottom_nav_color_selector"
+            app:menu="@menu/navigation" />
+
+    </LinearLayout>
+
+    <android.support.design.widget.CoordinatorLayout
+        android:id="@+id/snackbar_layout"
         android:layout_width="match_parent"
         android:layout_height="wrap_content"
         android:layout_gravity="bottom"
-        android:background="?android:attr/windowBackground"
-        app:menu="@menu/navigation"
-        app:itemIconTint="@drawable/bottom_nav_color_selector"
-        app:itemTextColor="@drawable/bottom_nav_color_selector"/>
-
-</LinearLayout>
+        tools:text="Network error." />
+</FrameLayout>
\ No newline at end of file
diff --git a/CupertinoJudo/app/src/main/res/values/colors.xml b/CupertinoJudo/app/src/main/res/values/colors.xml
index 3c45998..ac56153 100644
--- a/CupertinoJudo/app/src/main/res/values/colors.xml
+++ b/CupertinoJudo/app/src/main/res/values/colors.xml
@@ -7,5 +7,6 @@
     <color name="lightGray">#FAFAFA</color>
     <color name="white">#FFFFFF</color>
     <color name="colorBlueGreen">#1B95BA</color>
+    <color name="colorRed">#ff3700</color>
     <color name="colorOrange">#F23B1C</color>
 </resources>
